<?xml version="1.0" encoding="UTF-8"?>
<!-- Generated by org.testng.reporters.JUnitReportReporter -->
<testsuite hostname="Savelijs-MBP.attlocal.net" failures="0" tests="2" name="api_tests.item_managment_api" time="2.787" errors="0" timestamp="2024-03-12T20:16:08 EDT" skipped="0">
  <testcase classname="api_tests.item_managment_api" name="list_all_items" time="1.855"/>
  <testcase classname="api_tests.item_managment_api" name="login_test" time="0.932"/>
</testsuite> <!-- api_tests.item_managment_api -->
