<?xml version="1.0" encoding="UTF-8"?>
<!-- Generated by org.testng.reporters.JUnitReportReporter -->
<testsuite hostname="Savelijs-MBP.attlocal.net" failures="0" tests="2" name="api_tests.TestNGDemo" time="0.000" errors="0" timestamp="2024-03-12T21:31:41 EDT" skipped="0">
  <testcase classname="api_tests.TestNGDemo" name="anotherTest" time="0.000"/>
  <testcase classname="api_tests.TestNGDemo" name="demoTest" time="0.000"/>
</testsuite> <!-- api_tests.TestNGDemo -->
